<?xml version="1.0" encoding="UTF-8"?>
<!-- Generated by org.testng.reporters.JUnitXMLReporter -->
<testsuite ignored="0" hostname="DESKTOP-K4T5NVD" failures="0" tests="14" name="Test" time="176.951" errors="0" timestamp="2023-08-01T08:49:01 IST">
  <testcase classname="com.ecommerce.EdgeBrowserTest" name="ImageScreenHeightTest" time="20.907"/>
  <testcase classname="com.ecommerce.EdgeBrowserTest" name="LoadTimeTest" time="8.372"/>
  <testcase classname="com.ecommerce.EdgeBrowserTest" name="scrollDown" time="13.219"/>
  <testcase classname="com.ecommerce.EdgeBrowserTest" name="scrollFeatureTest" time="17.114"/>
  <testcase classname="com.ecommerce.EdgeBrowserTest" name="refreshContentTest" time="12.326"/>
  <testcase classname="com.ecommerce.EdgeBrowserTest" name="productSearch" time="14.231"/>
  <testcase classname="com.ecommerce.EdgeBrowserTest" name="scrollImageLoad" time="12.691"/>
  <testcase classname="com.ecommerce.ChromeBrowserTest" name="ImageScreenHeightTest" time="14.292"/>
  <testcase classname="com.ecommerce.ChromeBrowserTest" name="LoadTimeTest" time="5.538"/>
  <testcase classname="com.ecommerce.ChromeBrowserTest" name="scrollDown" time="10.098"/>
  <testcase classname="com.ecommerce.ChromeBrowserTest" name="scrollFeatureTest" time="15.697"/>
  <testcase classname="com.ecommerce.ChromeBrowserTest" name="refreshContentTest" time="10.2"/>
  <testcase classname="com.ecommerce.ChromeBrowserTest" name="productSearch" time="11.378"/>
  <testcase classname="com.ecommerce.ChromeBrowserTest" name="scrollImageLoad" time="10.727"/>
</testsuite> <!-- Test -->
